#
# A fatal error has been detected by the Java Runtime Environment:
#
#  SIGSEGV (0xb) at pc=0x000000011e295561, pid=1292, tid=1811
#
# JRE version: Java(TM) SE Runtime Environment (8.0_40-b27) (build 1.8.0_40-b27)
# Java VM: Java HotSpot(TM) 64-Bit Server VM (25.40-b25 mixed mode bsd-amd64 compressed oops)
# Problematic frame:
# C  [libglass.dylib+0x15561]  GlassScreenDidChangeScreenParameters+0x21
#
# Failed to write core dump. Core dumps have been disabled. To enable core dumping, try "ulimit -c unlimited" before starting Java again
#
# If you would like to submit a bug report, please visit:
#   http://bugreport.java.com/bugreport/crash.jsp
#

---------------  T H R E A D  ---------------

Current thread is native thread

siginfo: si_signo: 11 (SIGSEGV), si_code: 1 (SEGV_MAPERR), si_addr: 0x0000000000000000

Registers:
RAX=0x000000011e2c7ac8, RBX=0x0000000000000000, RCX=0x7b00b4b7316d44f2, RDX=0x00007fff747681f8
RSP=0x00007fff5abf5170, RBP=0x00007fff5abf5180, RSI=0x00007f8c30f11d80, RDI=0x0000000000000000
R8 =0x00007fff5abf5020, R9 =0x00007fff762f3300, R10=0x0000000000000000, R11=0x0000000000000246
R12=0x00007f8c30c01bd0, R13=0x00000000000f426a, R14=0x00007f8c30f6c220, R15=0x00007fff5abf52c0
RIP=0x000000011e295561, EFLAGS=0x0000000000010246, ERR=0x0000000000000004
  TRAPNO=0x000000000000000e

Top of Stack: (sp=0x00007fff5abf5170)
0x00007fff5abf5170:   00007fff5abf5350 00007f8c30f6c220
0x00007fff5abf5180:   00007fff5abf5190 00007fff8af6745c
0x00007fff5abf5190:   00007fff5abf54f0 00007fff8ae57634
0x00007fff5abf51a0:   00007fff5abf51f0 0000000000003200
0x00007fff5abf51b0:   00007fff74f4fed0 00007f8c30c3dc50
0x00007fff5abf51c0:   0000000000001005 0000000000000270
0x00007fff5abf51d0:   00007f8c30c3dc50 00007f8c30f6c220
0x00007fff5abf51e0:   0000000000000000 00007fff5abf52c0
0x00007fff5abf51f0:   0000000000000000 00007f8c30f6c1e0
0x00007fff5abf5200:   00007fff5abf5340 000000000000001a
0x00007fff5abf5210:   00000000000f4292 00007f8c33103980
0x00007fff5abf5220:   00007f8c30c3bdc0 00007f8c30c01bd0
0x00007fff5abf5230:   0000000000000001 00000000000f426a
0x00007fff5abf5240:   00007f8c30c01bc0 00007fff89a23b90
0x00007fff5abf5250:   0000000000000001 0000000000000001
0x00007fff5abf5260:   0000000000000030 0000000000000001
0x00007fff5abf5270:   00007fff5abf5290 00007fff89a24546
0x00007fff5abf5280:   00007fff74f4dfb0 0000000000000000
0x00007fff5abf5290:   00007fff5abf52b0 0000000000000002
0x00007fff5abf52a0:   00003c0389a21dd2 00007f8c30c01bf4
0x00007fff5abf52b0:   0000000000000000 00007fff8ae4d10f
0x00007fff5abf52c0:   00007f8c30f6c220 00007fff74f4dfb0
0x00007fff5abf52d0:   00007fff5abf5350 0000000000000001
0x00007fff5abf52e0:   00007fff5abf5320 00007fff89a21dd2
0x00007fff5abf52f0:   0000000105026a00 0000000000000002
0x00007fff5abf5300:   0000000105023000 00007f8c33102ce2
0x00007fff5abf5310:   0000000000000003 0000000105029c00
0x00007fff5abf5320:   00007fff5abf5410 00007fff89a20b36
0x00007fff5abf5330:   00007f8c30f35b90 00007fff5abf54f8
0x00007fff5abf5340:   0000000000000017 0000000000000000
0x00007fff5abf5350:   00000000000f426a 00007fff8ae4d403
0x00007fff5abf5360:   00007fff00000000 00007f8c30f3b040 

Instructions: (pc=0x000000011e295561)
0x000000011e295541:   48 89 e5 41 56 53 48 8d 05 72 26 03 00 48 83 38
0x000000011e295551:   00 48 89 fb 75 72 48 8d 05 6a 25 03 00 48 8b 30
0x000000011e295561:   48 8b 03 48 8d 15 74 9a 01 00 48 8d 0d 2e 70 01
0x000000011e295571:   00 48 89 df ff 90 88 03 00 00 48 8d 0d 3e 26 03 

Register to memory mapping:

RAX=0x000000011e2c7ac8: jScreenClass+0 in /Library/Java/JavaVirtualMachines/jdk1.8.0_40.jdk/Contents/Home/jre/lib/libglass.dylib at 0x000000011e280000
RBX=0x0000000000000000 is an unknown value
RCX=0x7b00b4b7316d44f2 is an unknown value
RDX=0x00007fff747681f8: __sFX+0x1c8 in /usr/lib/system/libsystem_c.dylib at 0x00007fff87a41000
RSP=0x00007fff5abf5170 is an unknown value
RBP=0x00007fff5abf5180 is an unknown value
RSI=0x00007f8c30f11d80 is a global jni handle
RDI=0x0000000000000000 is an unknown value
R8 =0x00007fff5abf5020 is an unknown value
R9 =0x00007fff762f3300: _thread+0 in /usr/lib/system/libsystem_pthread.dylib at 0x00007fff9391d000
R10=0x0000000000000000 is an unknown value
R11=0x0000000000000246 is an unknown value
R12=0x00007f8c30c01bd0 is an unknown value
R13=0x00000000000f426a is an unknown value
R14=0x00007f8c30f6c220 is an unknown value
R15=0x00007fff5abf52c0 is an unknown value


Stack: [0x00007fff5a3f8000,0x00007fff5abf8000],  sp=0x00007fff5abf5170,  free space=8180k
Native frames: (J=compiled Java code, j=interpreted, Vv=VM code, C=native code)
C  [libglass.dylib+0x15561]  GlassScreenDidChangeScreenParameters+0x21
C  [CoreFoundation+0x12045c]  __CFNOTIFICATIONCENTER_IS_CALLING_OUT_TO_AN_OBSERVER__+0xc
C  [CoreFoundation+0x10634]  _CFXNotificationPost+0xc44
C  [Foundation+0x79d1]  -[NSNotificationCenter postNotificationName:object:userInfo:]+0x42
C  [AppKit+0x40de7e]  -[NSApplication _reactToScreenInvalidationImmediately:]+0x17b
C  [AppKit+0x40dcc7]  __44-[NSApplication _reactToScreenInvalidation:]_block_invoke+0x4b
C  [CoreFoundation+0x808ec]  __CFRUNLOOP_IS_CALLING_OUT_TO_A_BLOCK__+0xc
C  [CoreFoundation+0x729f5]  __CFRunLoopDoBlocks+0x155
C  [CoreFoundation+0x72536]  __CFRunLoopRun+0x716
C  [CoreFoundation+0x71bd8]  CFRunLoopRunSpecific+0x128
C  [java+0x6490]  CreateExecutionEnvironment+0x367
C  [java+0x221c]  JLI_Launch+0x7a0
C  [java+0x84ed]  main+0x65
C  [java+0x1a74]  start+0x34


---------------  P R O C E S S  ---------------

VM state:at safepoint (normal execution)

VM Mutex/Monitor currently owned by a thread:  ([mutex/lock_event])
[0x00007f8c30e03a30] Threads_lock - owner thread: 0x00007f8c32047000

Heap:
 PSYoungGen      total 18944K, used 15508K [0x00000007aab00000, 0x00000007ac000000, 0x00000007c0000000)
  eden space 16384K, 94% used [0x00000007aab00000,0x00000007aba250b8,0x00000007abb00000)
  from space 2560K, 0% used [0x00000007abd80000,0x00000007abd80000,0x00000007ac000000)
  to   space 2560K, 0% used [0x00000007abb00000,0x00000007abb00000,0x00000007abd80000)
 ParOldGen       total 44032K, used 0K [0x0000000780000000, 0x0000000782b00000, 0x00000007aab00000)
  object space 44032K, 0% used [0x0000000780000000,0x0000000780000000,0x0000000782b00000)
 Metaspace       used 7868K, capacity 8172K, committed 8320K, reserved 1056768K
  class space    used 993K, capacity 1101K, committed 1152K, reserved 1048576K

Card table byte_map: [0x000000011662c000,0x000000011682d000] byte_map_base: 0x0000000112a2c000

Marking Bits: (ParMarkBitMap*) 0x0000000106ac27a0
 Begin Bits: [0x000000011719b000, 0x000000011819b000)
 End Bits:   [0x000000011819b000, 0x000000011919b000)

Polling page: 0x0000000105161000

CodeCache: size=245760Kb used=2489Kb max_used=2489Kb free=243270Kb
 bounds [0x000000010726c000, 0x00000001074dc000, 0x000000011626c000]
 total_blobs=1020 nmethods=582 adapters=352
 compilation: enabled

Compilation events (10 events):
Event: 0.646 Thread 0x00007f8c32835000  580       1       java.nio.Buffer::limit (5 bytes)
Event: 0.646 Thread 0x00007f8c32835000 nmethod 580 0x00000001074b5fd0 code [0x00000001074b6120, 0x00000001074b6230]
Event: 0.646 Thread 0x00007f8c32835000  578       3       java.lang.ClassLoader::defineClass (43 bytes)
Event: 0.647 Thread 0x00007f8c32835000 nmethod 578 0x00000001074d6a50 code [0x00000001074d6c40, 0x00000001074d7808]
Event: 0.647 Thread 0x00007f8c32835000  581       3       java.nio.Buffer::position (43 bytes)
Event: 0.647 Thread 0x00007f8c32835000 nmethod 581 0x00000001074d7d10 code [0x00000001074d7e80, 0x00000001074d8148]
Event: 0.647 Thread 0x00007f8c32835000  579       3       java.lang.ClassLoader::preDefineClass (109 bytes)
Event: 0.648 Thread 0x00007f8c32835000 nmethod 579 0x00000001074d8a90 code [0x00000001074d8d60, 0x00000001074da2c8]
Event: 0.648 Thread 0x00007f8c32835000  582       3       java.util.regex.Pattern$BmpCharProperty::match (50 bytes)
Event: 0.649 Thread 0x00007f8c32835000 nmethod 582 0x00000001074dabd0 code [0x00000001074dad80, 0x00000001074db228]

GC Heap History (0 events):
No events

Deoptimization events (1 events):
Event: 0.527 Thread 0x00007f8c32073800 Uncommon trap: reason=unstable_if action=reinterpret pc=0x0000000107423bb4 method=java.lang.String.replace(CC)Ljava/lang/String; @ 2

Internal exceptions (10 events):
Event: 0.167 Thread 0x00007f8c31007800 Exception <a 'java/lang/NoSuchFieldError': method resolution failed> (0x00000007aad9b3b8) thrown at [/Users/java_re/workspace/8-2-build-macosx-x86_64/jdk8u40/3153/hotspot/src/share/vm/prims/methodHandles.cpp, line 1125]
Event: 0.169 Thread 0x00007f8c31007800 Exception <a 'java/lang/NoSuchFieldError': method resolution failed> (0x00000007aada9a88) thrown at [/Users/java_re/workspace/8-2-build-macosx-x86_64/jdk8u40/3153/hotspot/src/share/vm/prims/methodHandles.cpp, line 1125]
Event: 0.189 Thread 0x00007f8c31007800 Exception <a 'java/security/PrivilegedActionException'> (0x00000007aae36758) thrown at [/Users/java_re/workspace/8-2-build-macosx-x86_64/jdk8u40/3153/hotspot/src/share/vm/prims/jvm.cpp, line 1382]
Event: 0.189 Thread 0x00007f8c31007800 Exception <a 'java/security/PrivilegedActionException'> (0x00000007aae36910) thrown at [/Users/java_re/workspace/8-2-build-macosx-x86_64/jdk8u40/3153/hotspot/src/share/vm/prims/jvm.cpp, line 1382]
Event: 0.190 Thread 0x00007f8c31007800 Exception <a 'java/security/PrivilegedActionException'> (0x00000007aae39b00) thrown at [/Users/java_re/workspace/8-2-build-macosx-x86_64/jdk8u40/3153/hotspot/src/share/vm/prims/jvm.cpp, line 1382]
Event: 0.190 Thread 0x00007f8c31007800 Exception <a 'java/security/PrivilegedActionException'> (0x00000007aae39cb8) thrown at [/Users/java_re/workspace/8-2-build-macosx-x86_64/jdk8u40/3153/hotspot/src/share/vm/prims/jvm.cpp, line 1382]
Event: 0.190 Thread 0x00007f8c31007800 Exception <a 'java/lang/NullPointerException'> (0x00000007aae3b5d8) thrown at [/Users/java_re/workspace/8-2-build-macosx-x86_64/jdk8u40/3153/hotspot/src/share/vm/interpreter/linkResolver.cpp, line 1178]
Event: 0.513 Thread 0x00007f8c32073800 Exception <a 'java/lang/NullPointerException'> (0x00000007ab64a908) thrown at [/Users/java_re/workspace/8-2-build-macosx-x86_64/jdk8u40/3153/hotspot/src/share/vm/interpreter/linkResolver.cpp, line 1178]
Event: 0.513 Thread 0x00007f8c32073800 Exception <a 'java/lang/NullPointerException'> (0x00000007ab64a908) thrown at [/Users/java_re/workspace/8-2-build-macosx-x86_64/jdk8u40/3153/hotspot/src/share/vm/prims/jvm.cpp, line 1386]
Event: 0.644 Thread 0x00007f8c31007800 Exception <a 'java/lang/reflect/InvocationTargetException'> (0x00000007ab3ad998) thrown at [/Users/java_re/workspace/8-2-build-macosx-x86_64/jdk8u40/3153/hotspot/src/share/vm/runtime/reflection.cpp, line 1080]

Events (10 events):
Event: 0.648 loading class java/util/Formatter$Flags done
Event: 0.648 loading class java/util/Formatter$Conversion
Event: 0.648 loading class java/util/Formatter$Conversion done
Event: 0.649 loading class java/util/Formattable
Event: 0.649 loading class java/util/Formattable done
Event: 0.649 loading class java/util/IdentityHashMap$KeyIterator
Event: 0.649 loading class java/util/IdentityHashMap$IdentityHashMapIterator
Event: 0.649 loading class java/util/IdentityHashMap$IdentityHashMapIterator done
Event: 0.649 loading class java/util/IdentityHashMap$KeyIterator done
Event: 0.649 Executing VM operation: Exit


Dynamic libraries:
0x0000000003cfd000 	/System/Library/Frameworks/Cocoa.framework/Versions/A/Cocoa
0x0000000003cfd000 	/System/Library/Frameworks/Security.framework/Versions/A/Security
0x0000000003cfd000 	/System/Library/Frameworks/ApplicationServices.framework/Versions/A/ApplicationServices
0x0000000003cfd000 	/usr/lib/libz.1.dylib
0x0000000003cfd000 	/usr/lib/libSystem.B.dylib
0x0000000003cfd000 	/usr/lib/libobjc.A.dylib
0x0000000003cfd000 	/System/Library/Frameworks/CoreFoundation.framework/Versions/A/CoreFoundation
0x0000000003cfd000 	/System/Library/Frameworks/Foundation.framework/Versions/C/Foundation
0x0000000003cfd000 	/System/Library/Frameworks/AppKit.framework/Versions/C/AppKit
0x0000000003cfd000 	/System/Library/Frameworks/CoreData.framework/Versions/A/CoreData
0x0000000003cfd000 	/System/Library/PrivateFrameworks/RemoteViewServices.framework/Versions/A/RemoteViewServices
0x0000000003cfd000 	/System/Library/PrivateFrameworks/UIFoundation.framework/Versions/A/UIFoundation
0x0000000003cfd000 	/System/Library/Frameworks/IOSurface.framework/Versions/A/IOSurface
0x0000000003cfd000 	/System/Library/Frameworks/AudioToolbox.framework/Versions/A/AudioToolbox
0x0000000003cfd000 	/System/Library/Frameworks/AudioUnit.framework/Versions/A/AudioUnit
0x0000000003cfd000 	/System/Library/PrivateFrameworks/DataDetectorsCore.framework/Versions/A/DataDetectorsCore
0x0000000003cfd000 	/System/Library/PrivateFrameworks/DesktopServicesPriv.framework/Versions/A/DesktopServicesPriv
0x0000000003cfd000 	/System/Library/Frameworks/Carbon.framework/Versions/A/Frameworks/HIToolbox.framework/Versions/A/HIToolbox
0x0000000003cfd000 	/System/Library/Frameworks/QuartzCore.framework/Versions/A/QuartzCore
0x0000000003cfd000 	/System/Library/Frameworks/Carbon.framework/Versions/A/Frameworks/SpeechRecognition.framework/Versions/A/SpeechRecognition
0x0000000003cfd000 	/usr/lib/libauto.dylib
0x0000000003cfd000 	/usr/lib/libicucore.A.dylib
0x0000000003cfd000 	/usr/lib/libxml2.2.dylib
0x0000000003cfd000 	/System/Library/PrivateFrameworks/CoreUI.framework/Versions/A/CoreUI
0x0000000003cfd000 	/System/Library/Frameworks/CoreAudio.framework/Versions/A/CoreAudio
0x0000000003cfd000 	/System/Library/Frameworks/DiskArbitration.framework/Versions/A/DiskArbitration
0x0000000003cfd000 	/usr/lib/liblangid.dylib
0x0000000003cfd000 	/System/Library/PrivateFrameworks/MultitouchSupport.framework/Versions/A/MultitouchSupport
0x0000000003cfd000 	/System/Library/Frameworks/IOKit.framework/Versions/A/IOKit
0x0000000003cfd000 	/usr/lib/libDiagnosticMessagesClient.dylib
0x0000000003cfd000 	/System/Library/Frameworks/CoreServices.framework/Versions/A/CoreServices
0x0000000003cfd000 	/System/Library/PrivateFrameworks/PerformanceAnalysis.framework/Versions/A/PerformanceAnalysis
0x0000000003cfd000 	/System/Library/PrivateFrameworks/GenerationalStorage.framework/Versions/A/GenerationalStorage
0x0000000003cfd000 	/System/Library/Frameworks/OpenGL.framework/Versions/A/OpenGL
0x0000000003cfd000 	/System/Library/PrivateFrameworks/Sharing.framework/Versions/A/Sharing
0x0000000003cfd000 	/System/Library/Frameworks/CoreGraphics.framework/Versions/A/CoreGraphics
0x0000000003cfd000 	/System/Library/Frameworks/CoreText.framework/Versions/A/CoreText
0x0000000003cfd000 	/System/Library/Frameworks/ImageIO.framework/Versions/A/ImageIO
0x0000000003cfd000 	/usr/lib/libextension.dylib
0x0000000003cfd000 	/System/Library/PrivateFrameworks/Backup.framework/Versions/A/Backup
0x0000000003cfd000 	/usr/lib/libarchive.2.dylib
0x0000000003cfd000 	/System/Library/Frameworks/CFNetwork.framework/Versions/A/CFNetwork
0x0000000003cfd000 	/System/Library/Frameworks/SystemConfiguration.framework/Versions/A/SystemConfiguration
0x0000000003cfd000 	/usr/lib/libCRFSuite.dylib
0x0000000003cfd000 	/usr/lib/libc++.1.dylib
0x0000000003cfd000 	/usr/lib/libc++abi.dylib
0x0000000003cfd000 	/usr/lib/system/libcache.dylib
0x0000000003cfd000 	/usr/lib/system/libcommonCrypto.dylib
0x0000000003cfd000 	/usr/lib/system/libcompiler_rt.dylib
0x0000000003cfd000 	/usr/lib/system/libcopyfile.dylib
0x0000000003cfd000 	/usr/lib/system/libcorecrypto.dylib
0x0000000003cfd000 	/usr/lib/system/libdispatch.dylib
0x0000000003cfd000 	/usr/lib/system/libdyld.dylib
0x0000000003cfd000 	/usr/lib/system/libkeymgr.dylib
0x0000000003cfd000 	/usr/lib/system/liblaunch.dylib
0x0000000003cfd000 	/usr/lib/system/libmacho.dylib
0x0000000003cfd000 	/usr/lib/system/libquarantine.dylib
0x0000000003cfd000 	/usr/lib/system/libremovefile.dylib
0x0000000003cfd000 	/usr/lib/system/libsystem_asl.dylib
0x0000000003cfd000 	/usr/lib/system/libsystem_blocks.dylib
0x0000000003cfd000 	/usr/lib/system/libsystem_c.dylib
0x0000000003cfd000 	/usr/lib/system/libsystem_configuration.dylib
0x0000000003cfd000 	/usr/lib/system/libsystem_coreservices.dylib
0x0000000003cfd000 	/usr/lib/system/libsystem_coretls.dylib
0x0000000003cfd000 	/usr/lib/system/libsystem_dnssd.dylib
0x0000000003cfd000 	/usr/lib/system/libsystem_info.dylib
0x0000000003cfd000 	/usr/lib/system/libsystem_kernel.dylib
0x0000000003cfd000 	/usr/lib/system/libsystem_m.dylib
0x0000000003cfd000 	/usr/lib/system/libsystem_malloc.dylib
0x0000000003cfd000 	/usr/lib/system/libsystem_network.dylib
0x0000000003cfd000 	/usr/lib/system/libsystem_networkextension.dylib
0x0000000003cfd000 	/usr/lib/system/libsystem_notify.dylib
0x0000000003cfd000 	/usr/lib/system/libsystem_platform.dylib
0x0000000003cfd000 	/usr/lib/system/libsystem_pthread.dylib
0x0000000003cfd000 	/usr/lib/system/libsystem_sandbox.dylib
0x0000000003cfd000 	/usr/lib/system/libsystem_secinit.dylib
0x0000000003cfd000 	/usr/lib/system/libsystem_stats.dylib
0x0000000003cfd000 	/usr/lib/system/libsystem_trace.dylib
0x0000000003cfd000 	/usr/lib/system/libunc.dylib
0x0000000003cfd000 	/usr/lib/system/libunwind.dylib
0x0000000003cfd000 	/usr/lib/system/libxpc.dylib
0x0000000003cfd000 	/usr/lib/libbz2.1.0.dylib
0x0000000003cfd000 	/usr/lib/liblzma.5.dylib
0x0000000003cfd000 	/usr/lib/libbsm.0.dylib
0x0000000003cfd000 	/usr/lib/libsqlite3.dylib
0x0000000003cfd000 	/usr/lib/system/libkxld.dylib
0x0000000003cfd000 	/usr/lib/libxar.1.dylib
0x0000000003cfd000 	/usr/lib/libpam.2.dylib
0x0000000003cfd000 	/usr/lib/libOpenScriptingUtil.dylib
0x0000000003cfd000 	/System/Library/Frameworks/CoreServices.framework/Versions/A/Frameworks/FSEvents.framework/Versions/A/FSEvents
0x0000000003cfd000 	/System/Library/Frameworks/CoreServices.framework/Versions/A/Frameworks/CarbonCore.framework/Versions/A/CarbonCore
0x0000000003cfd000 	/System/Library/Frameworks/CoreServices.framework/Versions/A/Frameworks/Metadata.framework/Versions/A/Metadata
0x0000000003cfd000 	/System/Library/Frameworks/CoreServices.framework/Versions/A/Frameworks/OSServices.framework/Versions/A/OSServices
0x0000000003cfd000 	/System/Library/Frameworks/CoreServices.framework/Versions/A/Frameworks/SearchKit.framework/Versions/A/SearchKit
0x0000000003cfd000 	/System/Library/Frameworks/CoreServices.framework/Versions/A/Frameworks/AE.framework/Versions/A/AE
0x0000000003cfd000 	/System/Library/Frameworks/CoreServices.framework/Versions/A/Frameworks/LaunchServices.framework/Versions/A/LaunchServices
0x0000000003cfd000 	/System/Library/Frameworks/CoreServices.framework/Versions/A/Frameworks/DictionaryServices.framework/Versions/A/DictionaryServices
0x0000000003cfd000 	/System/Library/Frameworks/NetFS.framework/Versions/A/NetFS
0x0000000003cfd000 	/System/Library/PrivateFrameworks/NetAuth.framework/Versions/A/NetAuth
0x0000000003cfd000 	/System/Library/PrivateFrameworks/login.framework/Versions/A/Frameworks/loginsupport.framework/Versions/A/loginsupport
0x0000000003cfd000 	/System/Library/PrivateFrameworks/TCC.framework/Versions/A/TCC
0x0000000003cfd000 	/usr/lib/libmecabra.dylib
0x0000000003cfd000 	/System/Library/Frameworks/ApplicationServices.framework/Versions/A/Frameworks/ATS.framework/Versions/A/ATS
0x0000000003cfd000 	/System/Library/Frameworks/ApplicationServices.framework/Versions/A/Frameworks/ColorSync.framework/Versions/A/ColorSync
0x0000000003cfd000 	/System/Library/Frameworks/ApplicationServices.framework/Versions/A/Frameworks/HIServices.framework/Versions/A/HIServices
0x0000000003cfd000 	/System/Library/Frameworks/ApplicationServices.framework/Versions/A/Frameworks/LangAnalysis.framework/Versions/A/LangAnalysis
0x0000000003cfd000 	/System/Library/Frameworks/ApplicationServices.framework/Versions/A/Frameworks/PrintCore.framework/Versions/A/PrintCore
0x0000000003cfd000 	/System/Library/Frameworks/ApplicationServices.framework/Versions/A/Frameworks/QD.framework/Versions/A/QD
0x0000000003cfd000 	/System/Library/Frameworks/ApplicationServices.framework/Versions/A/Frameworks/SpeechSynthesis.framework/Versions/A/SpeechSynthesis
0x0000000003cfd000 	/System/Library/Frameworks/Accelerate.framework/Versions/A/Accelerate
0x0000000003cfd000 	/System/Library/Frameworks/Accelerate.framework/Versions/A/Frameworks/vImage.framework/Versions/A/vImage
0x0000000003cfd000 	/System/Library/Frameworks/Accelerate.framework/Versions/A/Frameworks/vecLib.framework/Versions/A/vecLib
0x0000000003cfd000 	/System/Library/Frameworks/Accelerate.framework/Versions/A/Frameworks/vecLib.framework/Versions/A/libvDSP.dylib
0x0000000003cfd000 	/System/Library/Frameworks/Accelerate.framework/Versions/A/Frameworks/vecLib.framework/Versions/A/libvMisc.dylib
0x0000000003cfd000 	/System/Library/Frameworks/Accelerate.framework/Versions/A/Frameworks/vecLib.framework/Versions/A/libLAPACK.dylib
0x0000000003cfd000 	/System/Library/Frameworks/Accelerate.framework/Versions/A/Frameworks/vecLib.framework/Versions/A/libBLAS.dylib
0x0000000003cfd000 	/System/Library/Frameworks/Accelerate.framework/Versions/A/Frameworks/vecLib.framework/Versions/A/libLinearAlgebra.dylib
0x0000000003cfd000 	/System/Library/Frameworks/ApplicationServices.framework/Versions/A/Frameworks/ATS.framework/Versions/A/Resources/libFontParser.dylib
0x0000000003cfd000 	/System/Library/Frameworks/ApplicationServices.framework/Versions/A/Frameworks/ATS.framework/Versions/A/Resources/libFontRegistry.dylib
0x0000000003cfd000 	/System/Library/PrivateFrameworks/AppleVPA.framework/Versions/A/AppleVPA
0x0000000003cfd000 	/System/Library/PrivateFrameworks/AppleJPEG.framework/Versions/A/AppleJPEG
0x0000000003cfd000 	/System/Library/Frameworks/ImageIO.framework/Versions/A/Resources/libJPEG.dylib
0x0000000003cfd000 	/System/Library/Frameworks/ImageIO.framework/Versions/A/Resources/libTIFF.dylib
0x0000000003cfd000 	/System/Library/Frameworks/ImageIO.framework/Versions/A/Resources/libPng.dylib
0x0000000003cfd000 	/System/Library/Frameworks/ImageIO.framework/Versions/A/Resources/libGIF.dylib
0x0000000003cfd000 	/System/Library/Frameworks/ImageIO.framework/Versions/A/Resources/libJP2.dylib
0x0000000003cfd000 	/System/Library/Frameworks/ImageIO.framework/Versions/A/Resources/libRadiance.dylib
0x0000000003cfd000 	/System/Library/Frameworks/CoreVideo.framework/Versions/A/CoreVideo
0x0000000003cfd000 	/System/Library/Frameworks/OpenGL.framework/Versions/A/Libraries/libGLU.dylib
0x0000000003cfd000 	/System/Library/Frameworks/OpenGL.framework/Versions/A/Libraries/libGFXShared.dylib
0x0000000003cfd000 	/System/Library/Frameworks/OpenGL.framework/Versions/A/Libraries/libGL.dylib
0x0000000003cfd000 	/System/Library/Frameworks/OpenGL.framework/Versions/A/Libraries/libGLImage.dylib
0x0000000003cfd000 	/System/Library/Frameworks/OpenGL.framework/Versions/A/Libraries/libCVMSPluginSupport.dylib
0x0000000003cfd000 	/System/Library/Frameworks/OpenGL.framework/Versions/A/Libraries/libCoreVMClient.dylib
0x0000000003cfd000 	/usr/lib/libcups.2.dylib
0x0000000003cfd000 	/System/Library/Frameworks/Kerberos.framework/Versions/A/Kerberos
0x0000000003cfd000 	/System/Library/Frameworks/GSS.framework/Versions/A/GSS
0x0000000003cfd000 	/usr/lib/libresolv.9.dylib
0x0000000003cfd000 	/usr/lib/libiconv.2.dylib
0x0000000003cfd000 	/System/Library/PrivateFrameworks/Heimdal.framework/Versions/A/Heimdal
0x0000000003cfd000 	/usr/lib/libheimdal-asn1.dylib
0x0000000003cfd000 	/System/Library/Frameworks/OpenDirectory.framework/Versions/A/OpenDirectory
0x0000000003cfd000 	/System/Library/PrivateFrameworks/CommonAuth.framework/Versions/A/CommonAuth
0x0000000003cfd000 	/System/Library/Frameworks/OpenDirectory.framework/Versions/A/Frameworks/CFOpenDirectory.framework/Versions/A/CFOpenDirectory
0x0000000003cfd000 	/System/Library/Frameworks/SecurityFoundation.framework/Versions/A/SecurityFoundation
0x0000000003cfd000 	/System/Library/PrivateFrameworks/LanguageModeling.framework/Versions/A/LanguageModeling
0x0000000003cfd000 	/usr/lib/libcmph.dylib
0x0000000003cfd000 	/System/Library/Frameworks/ServiceManagement.framework/Versions/A/ServiceManagement
0x0000000003cfd000 	/usr/lib/libxslt.1.dylib
0x0000000003cfd000 	/System/Library/Frameworks/Carbon.framework/Versions/A/Frameworks/Ink.framework/Versions/A/Ink
0x0000000003cfd000 	/System/Library/Frameworks/QuartzCore.framework/Versions/A/Frameworks/CoreImage.framework/Versions/A/CoreImage
0x0000000003cfd000 	/System/Library/PrivateFrameworks/CrashReporterSupport.framework/Versions/A/CrashReporterSupport
0x0000000003cfd000 	/System/Library/Frameworks/OpenCL.framework/Versions/A/OpenCL
0x0000000003cfd000 	/System/Library/PrivateFrameworks/FaceCore.framework/Versions/A/FaceCore
0x0000000003cfd000 	/System/Library/PrivateFrameworks/Ubiquity.framework/Versions/A/Ubiquity
0x0000000003cfd000 	/System/Library/PrivateFrameworks/IconServices.framework/Versions/A/IconServices
0x0000000003cfd000 	/System/Library/PrivateFrameworks/ChunkingLibrary.framework/Versions/A/ChunkingLibrary
0x0000000003cfd000 	/System/Library/PrivateFrameworks/Apple80211.framework/Versions/A/Apple80211
0x0000000003cfd000 	/System/Library/Frameworks/CoreWLAN.framework/Versions/A/CoreWLAN
0x0000000003cfd000 	/System/Library/Frameworks/IOBluetooth.framework/Versions/A/IOBluetooth
0x0000000003cfd000 	/System/Library/PrivateFrameworks/CoreWiFi.framework/Versions/A/CoreWiFi
0x0000000003cfd000 	/System/Library/Frameworks/CoreBluetooth.framework/Versions/A/CoreBluetooth
0x0000000003cfd000 	/System/Library/PrivateFrameworks/DebugSymbols.framework/Versions/A/DebugSymbols
0x0000000003cfd000 	/System/Library/PrivateFrameworks/CoreSymbolication.framework/Versions/A/CoreSymbolication
0x0000000003cfd000 	/System/Library/PrivateFrameworks/Symbolication.framework/Versions/A/Symbolication
0x0000000003cfd000 	/System/Library/PrivateFrameworks/SpeechRecognitionCore.framework/Versions/A/SpeechRecognitionCore
0x0000000106200000 	/Library/Java/JavaVirtualMachines/jdk1.8.0_40.jdk/Contents/Home/jre/lib/server/libjvm.dylib
0x0000000003cfd000 	/usr/lib/libstdc++.6.dylib
0x000000010511e000 	/Library/Java/JavaVirtualMachines/jdk1.8.0_40.jdk/Contents/Home/jre/lib/libverify.dylib
0x000000010512c000 	/Library/Java/JavaVirtualMachines/jdk1.8.0_40.jdk/Contents/Home/jre/lib/libjava.dylib
0x000000010516b000 	/Library/Java/JavaVirtualMachines/jdk1.8.0_40.jdk/Contents/Home/jre/lib/libzip.dylib
0x000000011bd8a000 	/System/Library/Frameworks/JavaVM.framework/Frameworks/JavaRuntimeSupport.framework/JavaRuntimeSupport
0x000000011bda2000 	/System/Library/Frameworks/JavaVM.framework/Versions/A/Frameworks/JavaNativeFoundation.framework/Versions/A/JavaNativeFoundation
0x00000001051f1000 	/System/Library/Frameworks/JavaVM.framework/Versions/A/JavaVM
0x0000000003cfd000 	/System/Library/Frameworks/Carbon.framework/Versions/A/Carbon
0x000000011bdb7000 	/System/Library/PrivateFrameworks/JavaLaunching.framework/Versions/A/JavaLaunching
0x0000000003cfd000 	/System/Library/Frameworks/Carbon.framework/Versions/A/Frameworks/CommonPanels.framework/Versions/A/CommonPanels
0x0000000003cfd000 	/System/Library/Frameworks/Carbon.framework/Versions/A/Frameworks/Help.framework/Versions/A/Help
0x0000000003cfd000 	/System/Library/Frameworks/Carbon.framework/Versions/A/Frameworks/ImageCapture.framework/Versions/A/ImageCapture
0x0000000003cfd000 	/System/Library/Frameworks/Carbon.framework/Versions/A/Frameworks/OpenScripting.framework/Versions/A/OpenScripting
0x0000000003cfd000 	/System/Library/Frameworks/Carbon.framework/Versions/A/Frameworks/Print.framework/Versions/A/Print
0x0000000003cfd000 	/System/Library/Frameworks/Carbon.framework/Versions/A/Frameworks/SecurityHI.framework/Versions/A/SecurityHI
0x000000011df88000 	/Library/Java/JavaVirtualMachines/jdk1.8.0_40.jdk/Contents/Home/jre/lib/libprism_es2.dylib
0x000000011e009000 	/System/Library/Frameworks/OpenGL.framework/Resources/GLEngine.bundle/GLEngine
0x0000000003cfd000 	/System/Library/Frameworks/OpenGL.framework/Versions/A/Libraries/libGLProgrammability.dylib
0x0000000000000000 	/System/Library/Extensions/AppleIntelHD3000GraphicsGLDriver.bundle/Contents/MacOS/AppleIntelHD3000GraphicsGLDriver
0x000000011e1f4000 	/System/Library/PrivateFrameworks/GPUSupport.framework/Versions/A/Libraries/libGPUSupport.dylib
0x0000000000000000 	/System/Library/Extensions/AMDRadeonX3000GLDriver.bundle/Contents/MacOS/AMDRadeonX3000GLDriver
0x0000000003cfd000 	/System/Library/PrivateFrameworks/IOAccelerator.framework/Versions/A/IOAccelerator
0x0000000003cfd000 	/System/Library/PrivateFrameworks/GPUSupport.framework/Versions/A/Libraries/libGPUSupportMercury.dylib
0x000000011e20a000 	/System/Library/Frameworks/OpenGL.framework/Resources//GLRendererFloat.bundle/GLRendererFloat
0x0000000003cfd000 	/System/Library/Frameworks/OpenCL.framework/Versions/A/Libraries/libcldcpuengine.dylib
0x0000000003cfd000 	/System/Library/PrivateFrameworks/DiskImages.framework/Versions/A/DiskImages
0x0000000003cfd000 	/System/Library/Frameworks/DiscRecording.framework/Versions/A/DiscRecording
0x0000000003cfd000 	/usr/lib/libcsfde.dylib
0x0000000003cfd000 	/usr/lib/libcurl.4.dylib
0x0000000003cfd000 	/System/Library/PrivateFrameworks/MediaKit.framework/Versions/A/MediaKit
0x0000000003cfd000 	/System/Library/PrivateFrameworks/ProtectedCloudStorage.framework/Versions/A/ProtectedCloudStorage
0x0000000003cfd000 	/usr/lib/libCoreStorage.dylib
0x0000000003cfd000 	/System/Library/PrivateFrameworks/EFILogin.framework/Versions/A/EFILogin
0x0000000003cfd000 	/usr/lib/libutil.dylib
0x0000000003cfd000 	/System/Library/PrivateFrameworks/FindMyDevice.framework/Versions/A/FindMyDevice
0x0000000003cfd000 	/System/Library/Frameworks/LDAP.framework/Versions/A/LDAP
0x0000000003cfd000 	/usr/lib/libsasl2.2.dylib
0x0000000003cfd000 	/System/Library/PrivateFrameworks/CoreDaemon.framework/Versions/B/CoreDaemon
0x0000000003cfd000 	/usr/lib/libcrypto.0.9.8.dylib
0x0000000003cfd000 	/System/Library/PrivateFrameworks/AppleSRP.framework/Versions/A/AppleSRP
0x0000000003cfd000 	/System/Library/PrivateFrameworks/TrustEvaluationAgent.framework/Versions/A/TrustEvaluationAgent
0x000000011e280000 	/Library/Java/JavaVirtualMachines/jdk1.8.0_40.jdk/Contents/Home/jre/lib/libglass.dylib
0x0000000003cfd000 	/System/Library/PrivateFrameworks/CoreServicesInternal.framework/Versions/A/CoreServicesInternal
0x0000000003cfd000 	/System/Library/PrivateFrameworks/CloudDocs.framework/Versions/A/CloudDocs
0x0000000003cfd000 	/System/Library/PrivateFrameworks/CoreDuet.framework/Versions/A/CoreDuet
0x0000000003cfd000 	/System/Library/Frameworks/CloudKit.framework/Versions/A/CloudKit
0x0000000003cfd000 	/System/Library/PrivateFrameworks/ProtocolBuffer.framework/Versions/A/ProtocolBuffer
0x0000000003cfd000 	/System/Library/PrivateFrameworks/CoreDuetDaemonProtocol.framework/Versions/A/CoreDuetDaemonProtocol
0x0000000003cfd000 	/System/Library/PrivateFrameworks/CoreDuetDebugLogging.framework/Versions/A/CoreDuetDebugLogging
0x0000000003cfd000 	/System/Library/PrivateFrameworks/MMCS.framework/Versions/A/MMCS
0x0000000003cfd000 	/System/Library/Frameworks/CoreLocation.framework/Versions/A/CoreLocation
0x0000000003cfd000 	/System/Library/PrivateFrameworks/GeoServices.framework/Versions/A/GeoServices
0x000000011f9ff000 	/System/Library/Frameworks/CoreGraphics.framework/Versions/A/Resources/libCGCMS.A.dylib
0x0000000003cfd000 	/System/Library/CoreServices/RawCamera.bundle/Contents/MacOS/RawCamera
0x000000011fb32000 	/System/Library/Frameworks/CoreGraphics.framework/Versions/A/Resources/libRIP.A.dylib
0x0000000003cfd000 	/System/Library/PrivateFrameworks/FamilyControls.framework/Versions/A/FamilyControls
0x0000000003cfd000 	/System/Library/PrivateFrameworks/CommerceKit.framework/Versions/A/Frameworks/CommerceCore.framework/Versions/A/CommerceCore
0x0000000003cfd000 	/System/Library/PrivateFrameworks/SystemAdministration.framework/Versions/A/SystemAdministration
0x0000000003cfd000 	/System/Library/PrivateFrameworks/AppContainer.framework/Versions/A/AppContainer
0x0000000003cfd000 	/System/Library/PrivateFrameworks/SecCodeWrapper.framework/Versions/A/SecCodeWrapper
0x0000000003cfd000 	/System/Library/Frameworks/DirectoryService.framework/Versions/A/DirectoryService
0x0000000003cfd000 	/System/Library/PrivateFrameworks/LoginUIKit.framework/Versions/A/Frameworks/LoginUICore.framework/Versions/A/LoginUICore
0x0000000003cfd000 	/usr/lib/libodfde.dylib
0x0000000121383000 	/System/Library/Frameworks/CoreGraphics.framework/Versions/A/Resources/libCGXType.A.dylib
0x000000011fd66000 	cl_kernels
0x00000001226af000 	/System/Library/Frameworks/OpenCL.framework/Versions/A/Libraries/ImageFormats/unorm8_bgra.dylib
0x000000012286a000 	cl_kernels

VM Arguments:
jvm_args: -Dfile.encoding=UTF-8 
java_command: exercise15_01.Exercise15_01
java_class_path (initial): /Users/a_lagimoniere/Documents/CSCI1302/Exercise15_01/build/classes
Launcher Type: SUN_STANDARD

Environment Variables:
PATH=/usr/bin:/bin:/usr/sbin:/sbin
LD_LIBRARY_PATH=/Library/Java/JavaVirtualMachines/jdk1.8.0_40.jdk/Contents/Home/jre/lib/amd64:/Library/Java/JavaVirtualMachines/jdk1.8.0_40.jdk/Contents/Home/jre/lib/i386:
SHELL=/bin/bash
DYLD_LIBRARY_PATH=/Applications/NetBeans/NetBeans 8.0.2.app/Contents/Resources/NetBeans/webcommon/bin:

Signal Handlers:
SIGSEGV: [libjvm.dylib+0x58ef95], sa_mask[0]=11111111011111110111111111111111, sa_flags=SA_ONSTACK|SA_RESTART|SA_SIGINFO
SIGBUS: [libjvm.dylib+0x58ef95], sa_mask[0]=11111111011111110111111111111111, sa_flags=SA_RESTART|SA_SIGINFO
SIGFPE: [libjvm.dylib+0x46c118], sa_mask[0]=11111111011111110111111111111111, sa_flags=SA_RESTART|SA_SIGINFO
SIGPIPE: [libjvm.dylib+0x46c118], sa_mask[0]=11111111011111110111111111111111, sa_flags=SA_RESTART|SA_SIGINFO
SIGXFSZ: [libjvm.dylib+0x46c118], sa_mask[0]=11111111011111110111111111111111, sa_flags=SA_RESTART|SA_SIGINFO
SIGILL: [libjvm.dylib+0x46c118], sa_mask[0]=11111111011111110111111111111111, sa_flags=SA_RESTART|SA_SIGINFO
SIGUSR1: SIG_DFL, sa_mask[0]=00000000000000000000000000000000, sa_flags=none
SIGUSR2: [libjvm.dylib+0x46bc36], sa_mask[0]=00100000000000000000000000000000, sa_flags=SA_RESTART|SA_SIGINFO
SIGHUP: [libjvm.dylib+0x46a209], sa_mask[0]=11111111011111110111111111111111, sa_flags=SA_RESTART|SA_SIGINFO
SIGINT: SIG_IGN, sa_mask[0]=00000000000000000000000000000000, sa_flags=none
SIGTERM: [libjvm.dylib+0x46a209], sa_mask[0]=11111111011111110111111111111111, sa_flags=SA_RESTART|SA_SIGINFO
SIGQUIT: [libjvm.dylib+0x46a209], sa_mask[0]=11111111011111110111111111111111, sa_flags=SA_RESTART|SA_SIGINFO


---------------  S Y S T E M  ---------------

OS:Bsduname:Darwin 14.4.0 Darwin Kernel Version 14.4.0: Thu May 28 11:35:04 PDT 2015; root:xnu-2782.30.5~1/RELEASE_X86_64 x86_64
rlimit: STACK 8192k, CORE 0k, NPROC 709, NOFILE 10240, AS infinity
load average:1.20 1.26 1.26

CPU:total 8 (4 cores per cpu, 2 threads per core) family 6 model 42 stepping 7, cmov, cx8, fxsr, mmx, sse, sse2, sse3, ssse3, sse4.1, sse4.2, popcnt, avx, aes, clmul, ht, tsc, tscinvbit

Memory: 4k page, physical 4194304k(94080k free)

/proc/meminfo:


vm_info: Java HotSpot(TM) 64-Bit Server VM (25.40-b25) for bsd-amd64 JRE (1.8.0_40-b27), built on Mar 13 2015 04:46:52 by "java_re" with gcc 4.2.1 (Based on Apple Inc. build 5658) (LLVM build 2336.11.00)

time: Sat Jul 11 13:56:09 2015
elapsed time: 0 seconds (0d 0h 0m 0s)

